<?xml version="1.0" encoding="UTF-8"?>
<testsuite xmlns:xsi="http://www.w3.org/2001/XMLSchema-instance" xsi:noNamespaceSchemaLocation="https://maven.apache.org/surefire/maven-surefire-plugin/xsd/surefire-test-report.xsd" name="com.example.AppTest" time="0.032" tests="1" errors="0" skipped="0" failures="0">
  <properties>
    <property name="java.specification.version" value="21"/>
    <property name="sun.jnu.encoding" value="UTF-8"/>
    <property name="java.class.path" value="/home/yehor/Projects/AiGrammarJava/aijavagrammar/target/test-classes:/home/yehor/Projects/AiGrammarJava/aijavagrammar/target/classes:/home/yehor/.m2/repository/junit/junit/4.11/junit-4.11.jar:/home/yehor/.m2/repository/org/hamcrest/hamcrest-core/1.3/hamcrest-core-1.3.jar:/home/yehor/.m2/repository/com/alphacephei/vosk/0.3.45/vosk-0.3.45.jar:/home/yehor/.m2/repository/net/java/dev/jna/jna/5.7.0/jna-5.7.0.jar:/home/yehor/.m2/repository/com/openai/openai-java/0.34.1/openai-java-0.34.1.jar:/home/yehor/.m2/repository/com/openai/openai-java-client-okhttp/0.34.1/openai-java-client-okhttp-0.34.1.jar:/home/yehor/.m2/repository/com/openai/openai-java-core/0.34.1/openai-java-core-0.34.1.jar:/home/yehor/.m2/repository/com/google/errorprone/error_prone_annotations/2.33.0/error_prone_annotations-2.33.0.jar:/home/yehor/.m2/repository/com/fasterxml/jackson/datatype/jackson-datatype-jdk8/2.18.1/jackson-datatype-jdk8-2.18.1.jar:/home/yehor/.m2/repository/com/fasterxml/jackson/datatype/jackson-datatype-jsr310/2.18.1/jackson-datatype-jsr310-2.18.1.jar:/home/yehor/.m2/repository/com/fasterxml/jackson/module/jackson-module-kotlin/2.18.1/jackson-module-kotlin-2.18.1.jar:/home/yehor/.m2/repository/org/jetbrains/kotlin/kotlin-reflect/1.8.10/kotlin-reflect-1.8.10.jar:/home/yehor/.m2/repository/org/apache/httpcomponents/core5/httpcore5/5.2.4/httpcore5-5.2.4.jar:/home/yehor/.m2/repository/org/apache/httpcomponents/client5/httpclient5/5.3.1/httpclient5-5.3.1.jar:/home/yehor/.m2/repository/org/apache/httpcomponents/core5/httpcore5-h2/5.2.4/httpcore5-h2-5.2.4.jar:/home/yehor/.m2/repository/org/slf4j/slf4j-api/1.7.36/slf4j-api-1.7.36.jar:/home/yehor/.m2/repository/com/squareup/okhttp3/okhttp/4.12.0/okhttp-4.12.0.jar:/home/yehor/.m2/repository/com/squareup/okio/okio/3.6.0/okio-3.6.0.jar:/home/yehor/.m2/repository/com/squareup/okio/okio-jvm/3.6.0/okio-jvm-3.6.0.jar:/home/yehor/.m2/repository/org/jetbrains/kotlin/kotlin-stdlib-common/1.9.10/kotlin-stdlib-common-1.9.10.jar:/home/yehor/.m2/repository/org/jetbrains/kotlin/kotlin-stdlib-jdk8/1.8.21/kotlin-stdlib-jdk8-1.8.21.jar:/home/yehor/.m2/repository/org/jetbrains/kotlin/kotlin-stdlib-jdk7/1.8.21/kotlin-stdlib-jdk7-1.8.21.jar:/home/yehor/.m2/repository/com/squareup/okhttp3/logging-interceptor/4.12.0/logging-interceptor-4.12.0.jar:/home/yehor/.m2/repository/org/jetbrains/kotlin/kotlin-stdlib/2.1.10/kotlin-stdlib-2.1.10.jar:/home/yehor/.m2/repository/org/jetbrains/annotations/13.0/annotations-13.0.jar:/home/yehor/.m2/repository/org/projectlombok/lombok/1.18.36/lombok-1.18.36.jar:/home/yehor/.m2/repository/io/github/cdimascio/java-dotenv/5.2.2/java-dotenv-5.2.2.jar:/home/yehor/.m2/repository/com/fasterxml/jackson/core/jackson-databind/2.18.3/jackson-databind-2.18.3.jar:/home/yehor/.m2/repository/com/fasterxml/jackson/core/jackson-annotations/2.18.3/jackson-annotations-2.18.3.jar:/home/yehor/.m2/repository/com/fasterxml/jackson/core/jackson-core/2.18.3/jackson-core-2.18.3.jar:"/>
    <property name="java.vm.vendor" value="Ubuntu"/>
    <property name="sun.arch.data.model" value="64"/>
    <property name="java.vendor.url" value="https://ubuntu.com/"/>
    <property name="os.name" value="Linux"/>
    <property name="java.vm.specification.version" value="21"/>
    <property name="sun.java.launcher" value="SUN_STANDARD"/>
    <property name="user.country" value="US"/>
    <property name="sun.boot.library.path" value="/usr/lib/jvm/java-21-openjdk-amd64/lib"/>
    <property name="sun.java.command" value="/home/yehor/Projects/AiGrammarJava/aijavagrammar/target/surefire/surefirebooter2240195398748079007.jar /home/yehor/Projects/AiGrammarJava/aijavagrammar/target/surefire 2025-04-08T00-25-02_680-jvmRun1 surefire8245651500668099899tmp surefire_02617338316351593115tmp"/>
    <property name="jdk.debug" value="release"/>
    <property name="surefire.test.class.path" value="/home/yehor/Projects/AiGrammarJava/aijavagrammar/target/test-classes:/home/yehor/Projects/AiGrammarJava/aijavagrammar/target/classes:/home/yehor/.m2/repository/junit/junit/4.11/junit-4.11.jar:/home/yehor/.m2/repository/org/hamcrest/hamcrest-core/1.3/hamcrest-core-1.3.jar:/home/yehor/.m2/repository/com/alphacephei/vosk/0.3.45/vosk-0.3.45.jar:/home/yehor/.m2/repository/net/java/dev/jna/jna/5.7.0/jna-5.7.0.jar:/home/yehor/.m2/repository/com/openai/openai-java/0.34.1/openai-java-0.34.1.jar:/home/yehor/.m2/repository/com/openai/openai-java-client-okhttp/0.34.1/openai-java-client-okhttp-0.34.1.jar:/home/yehor/.m2/repository/com/openai/openai-java-core/0.34.1/openai-java-core-0.34.1.jar:/home/yehor/.m2/repository/com/google/errorprone/error_prone_annotations/2.33.0/error_prone_annotations-2.33.0.jar:/home/yehor/.m2/repository/com/fasterxml/jackson/datatype/jackson-datatype-jdk8/2.18.1/jackson-datatype-jdk8-2.18.1.jar:/home/yehor/.m2/repository/com/fasterxml/jackson/datatype/jackson-datatype-jsr310/2.18.1/jackson-datatype-jsr310-2.18.1.jar:/home/yehor/.m2/repository/com/fasterxml/jackson/module/jackson-module-kotlin/2.18.1/jackson-module-kotlin-2.18.1.jar:/home/yehor/.m2/repository/org/jetbrains/kotlin/kotlin-reflect/1.8.10/kotlin-reflect-1.8.10.jar:/home/yehor/.m2/repository/org/apache/httpcomponents/core5/httpcore5/5.2.4/httpcore5-5.2.4.jar:/home/yehor/.m2/repository/org/apache/httpcomponents/client5/httpclient5/5.3.1/httpclient5-5.3.1.jar:/home/yehor/.m2/repository/org/apache/httpcomponents/core5/httpcore5-h2/5.2.4/httpcore5-h2-5.2.4.jar:/home/yehor/.m2/repository/org/slf4j/slf4j-api/1.7.36/slf4j-api-1.7.36.jar:/home/yehor/.m2/repository/com/squareup/okhttp3/okhttp/4.12.0/okhttp-4.12.0.jar:/home/yehor/.m2/repository/com/squareup/okio/okio/3.6.0/okio-3.6.0.jar:/home/yehor/.m2/repository/com/squareup/okio/okio-jvm/3.6.0/okio-jvm-3.6.0.jar:/home/yehor/.m2/repository/org/jetbrains/kotlin/kotlin-stdlib-common/1.9.10/kotlin-stdlib-common-1.9.10.jar:/home/yehor/.m2/repository/org/jetbrains/kotlin/kotlin-stdlib-jdk8/1.8.21/kotlin-stdlib-jdk8-1.8.21.jar:/home/yehor/.m2/repository/org/jetbrains/kotlin/kotlin-stdlib-jdk7/1.8.21/kotlin-stdlib-jdk7-1.8.21.jar:/home/yehor/.m2/repository/com/squareup/okhttp3/logging-interceptor/4.12.0/logging-interceptor-4.12.0.jar:/home/yehor/.m2/repository/org/jetbrains/kotlin/kotlin-stdlib/2.1.10/kotlin-stdlib-2.1.10.jar:/home/yehor/.m2/repository/org/jetbrains/annotations/13.0/annotations-13.0.jar:/home/yehor/.m2/repository/org/projectlombok/lombok/1.18.36/lombok-1.18.36.jar:/home/yehor/.m2/repository/io/github/cdimascio/java-dotenv/5.2.2/java-dotenv-5.2.2.jar:/home/yehor/.m2/repository/com/fasterxml/jackson/core/jackson-databind/2.18.3/jackson-databind-2.18.3.jar:/home/yehor/.m2/repository/com/fasterxml/jackson/core/jackson-annotations/2.18.3/jackson-annotations-2.18.3.jar:/home/yehor/.m2/repository/com/fasterxml/jackson/core/jackson-core/2.18.3/jackson-core-2.18.3.jar:"/>
    <property name="sun.cpu.endian" value="little"/>
    <property name="user.home" value="/home/yehor"/>
    <property name="user.language" value="en"/>
    <property name="java.specification.vendor" value="Oracle Corporation"/>
    <property name="java.version.date" value="2025-01-21"/>
    <property name="java.home" value="/usr/lib/jvm/java-21-openjdk-amd64"/>
    <property name="file.separator" value="/"/>
    <property name="basedir" value="/home/yehor/Projects/AiGrammarJava/aijavagrammar"/>
    <property name="java.vm.compressedOopsMode" value="Zero based"/>
    <property name="line.separator" value="&#10;"/>
    <property name="java.specification.name" value="Java Platform API Specification"/>
    <property name="java.vm.specification.vendor" value="Oracle Corporation"/>
    <property name="surefire.real.class.path" value="/home/yehor/Projects/AiGrammarJava/aijavagrammar/target/surefire/surefirebooter2240195398748079007.jar"/>
    <property name="sun.management.compiler" value="HotSpot 64-Bit Tiered Compilers"/>
    <property name="java.runtime.version" value="21.0.6+7-Ubuntu-124.04.1"/>
    <property name="user.name" value="yehor"/>
    <property name="stdout.encoding" value="UTF-8"/>
    <property name="path.separator" value=":"/>
    <property name="os.version" value="6.11.0-21-generic"/>
    <property name="java.runtime.name" value="OpenJDK Runtime Environment"/>
    <property name="file.encoding" value="UTF-8"/>
    <property name="java.vm.name" value="OpenJDK 64-Bit Server VM"/>
    <property name="localRepository" value="/home/yehor/.m2/repository"/>
    <property name="java.vendor.url.bug" value="https://bugs.launchpad.net/ubuntu/+source/openjdk-21"/>
    <property name="java.io.tmpdir" value="/tmp"/>
    <property name="java.version" value="21.0.6"/>
    <property name="user.dir" value="/home/yehor/Projects/AiGrammarJava/aijavagrammar"/>
    <property name="os.arch" value="amd64"/>
    <property name="java.vm.specification.name" value="Java Virtual Machine Specification"/>
    <property name="native.encoding" value="UTF-8"/>
    <property name="java.library.path" value="/usr/java/packages/lib:/usr/lib/x86_64-linux-gnu/jni:/lib/x86_64-linux-gnu:/usr/lib/x86_64-linux-gnu:/usr/lib/jni:/lib:/usr/lib"/>
    <property name="java.vm.info" value="mixed mode, sharing"/>
    <property name="stderr.encoding" value="UTF-8"/>
    <property name="java.vendor" value="Ubuntu"/>
    <property name="java.vm.version" value="21.0.6+7-Ubuntu-124.04.1"/>
    <property name="sun.io.unicode.encoding" value="UnicodeLittle"/>
    <property name="java.class.version" value="65.0"/>
  </properties>
  <testcase name="shouldAnswerWithTrue" classname="com.example.AppTest" time="0.004"/>
</testsuite>